2020-04-12 19:32:54.606  INFO 20540 --- [main] c.q.w.WorldwideHotelSystemApplication    : Starting WorldwideHotelSystemApplication on DESKTOP-OVQ92PU with PID 20540 (C:\Users\Admin\IdeaProjects\MbHotelSystemWithMicroservices\worldwide-hotel-system\target\classes started by Admin in C:\Users\Admin\IdeaProjects\MbHotelSystemWithMicroservices\worldwide-hotel-system)
2020-04-12 19:32:54.610  INFO 20540 --- [main] c.q.w.WorldwideHotelSystemApplication    : No active profile set, falling back to default profiles: default
2020-04-12 19:32:55.374  INFO 20540 --- [main] .s.d.r.c.RepositoryConfigurationDelegate : Bootstrapping Spring Data JPA repositories in DEFAULT mode.
2020-04-12 19:32:55.472  INFO 20540 --- [main] .s.d.r.c.RepositoryConfigurationDelegate : Finished Spring Data repository scanning in 85ms. Found 4 JPA repository interfaces.
2020-04-12 19:32:55.819  INFO 20540 --- [main] trationDelegate$BeanPostProcessorChecker : Bean 'org.springframework.security.config.annotation.configuration.ObjectPostProcessorConfiguration' of type [org.springframework.security.config.annotation.configuration.ObjectPostProcessorConfiguration] is not eligible for getting processed by all BeanPostProcessors (for example: not eligible for auto-proxying)
2020-04-12 19:32:55.823  INFO 20540 --- [main] trationDelegate$BeanPostProcessorChecker : Bean 'objectPostProcessor' of type [org.springframework.security.config.annotation.configuration.AutowireBeanFactoryObjectPostProcessor] is not eligible for getting processed by all BeanPostProcessors (for example: not eligible for auto-proxying)
2020-04-12 19:32:55.825  INFO 20540 --- [main] trationDelegate$BeanPostProcessorChecker : Bean 'org.springframework.security.access.expression.method.DefaultMethodSecurityExpressionHandler@2954b5ea' of type [org.springframework.security.access.expression.method.DefaultMethodSecurityExpressionHandler] is not eligible for getting processed by all BeanPostProcessors (for example: not eligible for auto-proxying)
2020-04-12 19:32:55.826  INFO 20540 --- [main] trationDelegate$BeanPostProcessorChecker : Bean 'org.springframework.security.config.annotation.method.configuration.GlobalMethodSecurityConfiguration' of type [org.springframework.security.config.annotation.method.configuration.GlobalMethodSecurityConfiguration] is not eligible for getting processed by all BeanPostProcessors (for example: not eligible for auto-proxying)
2020-04-12 19:32:55.830  INFO 20540 --- [main] trationDelegate$BeanPostProcessorChecker : Bean 'methodSecurityMetadataSource' of type [org.springframework.security.access.method.DelegatingMethodSecurityMetadataSource] is not eligible for getting processed by all BeanPostProcessors (for example: not eligible for auto-proxying)
2020-04-12 19:32:56.069  INFO 20540 --- [main] o.s.b.w.embedded.tomcat.TomcatWebServer  : Tomcat initialized with port(s): 8080 (http)
2020-04-12 19:32:56.079  INFO 20540 --- [main] o.apache.catalina.core.StandardService   : Starting service [Tomcat]
2020-04-12 19:32:56.080  INFO 20540 --- [main] org.apache.catalina.core.StandardEngine  : Starting Servlet engine: [Apache Tomcat/9.0.31]
2020-04-12 19:32:56.177  INFO 20540 --- [main] o.a.c.c.C.[Tomcat].[localhost].[/]       : Initializing Spring embedded WebApplicationContext
2020-04-12 19:32:56.177 DEBUG 20540 --- [main] o.s.web.context.ContextLoader            : Published root WebApplicationContext as ServletContext attribute with name [org.springframework.web.context.WebApplicationContext.ROOT]
2020-04-12 19:32:56.177  INFO 20540 --- [main] o.s.web.context.ContextLoader            : Root WebApplicationContext: initialization completed in 1521 ms
2020-04-12 19:32:56.761  INFO 20540 --- [main] com.zaxxer.hikari.HikariDataSource       : HikariPool-1 - Starting...
2020-04-12 19:32:56.900  INFO 20540 --- [main] com.zaxxer.hikari.HikariDataSource       : HikariPool-1 - Start completed.
2020-04-12 19:32:58.382  INFO 20540 --- [main] j.LocalContainerEntityManagerFactoryBean : Initialized JPA EntityManagerFactory for persistence unit 'default'
2020-04-12 19:32:58.906  WARN 20540 --- [main] JpaBaseConfiguration$JpaWebConfiguration : spring.jpa.open-in-view is enabled by default. Therefore, database queries may be performed during view rendering. Explicitly configure spring.jpa.open-in-view to disable this warning
2020-04-12 19:32:59.287 DEBUG 20540 --- [main] s.w.s.m.m.a.RequestMappingHandlerMapping : 18 mappings in 'requestMappingHandlerMapping'
2020-04-12 19:32:59.410 DEBUG 20540 --- [main] o.s.w.s.handler.SimpleUrlHandlerMapping  : Patterns [/webjars/**, /**] in 'resourceHandlerMapping'
2020-04-12 19:32:59.414  INFO 20540 --- [main] o.s.s.web.DefaultSecurityFilterChain     : Creating filter chain: any request, [org.springframework.security.web.context.request.async.WebAsyncManagerIntegrationFilter@2b540131, org.springframework.security.web.context.SecurityContextPersistenceFilter@694b1ddb, org.springframework.security.web.header.HeaderWriterFilter@44de3b46, org.springframework.web.filter.CorsFilter@225ac5e7, org.springframework.security.web.authentication.logout.LogoutFilter@6bf28f61, com.qozz.worldwidehotelsystem.config.security.JwtFilter@4c91f5bf, org.springframework.security.web.savedrequest.RequestCacheAwareFilter@17e2835c, org.springframework.security.web.servletapi.SecurityContextHolderAwareRequestFilter@446a5aa5, org.springframework.security.web.authentication.AnonymousAuthenticationFilter@44948ac6, org.springframework.security.web.session.SessionManagementFilter@49f1184e, org.springframework.security.web.access.ExceptionTranslationFilter@788a0513, org.springframework.security.web.access.intercept.FilterSecurityInterceptor@516037be]
2020-04-12 19:32:59.467  INFO 20540 --- [main] o.s.s.concurrent.ThreadPoolTaskExecutor  : Initializing ExecutorService 'applicationTaskExecutor'
2020-04-12 19:32:59.478 DEBUG 20540 --- [main] s.w.s.m.m.a.RequestMappingHandlerAdapter : ControllerAdvice beans: 0 @ModelAttribute, 0 @InitBinder, 1 RequestBodyAdvice, 1 ResponseBodyAdvice
2020-04-12 19:32:59.507 DEBUG 20540 --- [main] .m.m.a.ExceptionHandlerExceptionResolver : ControllerAdvice beans: 0 @ExceptionHandler, 1 ResponseBodyAdvice
2020-04-12 19:32:59.640  INFO 20540 --- [main] o.s.b.w.embedded.tomcat.TomcatWebServer  : Tomcat started on port(s): 8080 (http) with context path ''
2020-04-12 19:32:59.643  INFO 20540 --- [main] c.q.w.WorldwideHotelSystemApplication    : Started WorldwideHotelSystemApplication in 5.478 seconds (JVM running for 6.373)
2020-04-12 19:32:59.888  INFO 20540 --- [http-nio-8080-exec-1] o.a.c.c.C.[Tomcat].[localhost].[/]       : Initializing Spring DispatcherServlet 'dispatcherServlet'
2020-04-12 19:32:59.889  INFO 20540 --- [http-nio-8080-exec-1] o.s.web.servlet.DispatcherServlet        : Initializing Servlet 'dispatcherServlet'
2020-04-12 19:32:59.889 DEBUG 20540 --- [http-nio-8080-exec-1] o.s.web.servlet.DispatcherServlet        : Detected StandardServletMultipartResolver
2020-04-12 19:32:59.901 DEBUG 20540 --- [http-nio-8080-exec-1] o.s.web.servlet.DispatcherServlet        : enableLoggingRequestDetails='false': request parameters and headers will be masked to prevent unsafe logging of potentially sensitive data
2020-04-12 19:32:59.901  INFO 20540 --- [http-nio-8080-exec-1] o.s.web.servlet.DispatcherServlet        : Completed initialization in 12 ms
2020-04-12 19:32:59.927 DEBUG 20540 --- [http-nio-8080-exec-1] s.w.s.m.m.a.RequestMappingHandlerMapping : Mapped to com.qozz.worldwidehotelsystem.controller.HotelController#getHotelById(Long)
2020-04-12 19:32:59.928 DEBUG 20540 --- [http-nio-8080-exec-1] o.s.w.s.handler.SimpleUrlHandlerMapping  : Mapped to ResourceHttpRequestHandler ["classpath:/META-INF/resources/", "classpath:/resources/", "classpath:/static/", "classpath:/public/", "/"]
2020-04-12 19:32:59.935 DEBUG 20540 --- [http-nio-8080-exec-1] o.s.web.servlet.DispatcherServlet        : GET "/hotels/1", parameters={}
2020-04-12 19:32:59.937 DEBUG 20540 --- [http-nio-8080-exec-1] s.w.s.m.m.a.RequestMappingHandlerMapping : Mapped to com.qozz.worldwidehotelsystem.controller.HotelController#getHotelById(Long)
2020-04-12 19:33:00.105 DEBUG 20540 --- [http-nio-8080-exec-1] m.m.a.RequestResponseBodyMethodProcessor : Using 'application/json', given [*/*] and supported [application/json, application/*+json, application/json, application/*+json]
2020-04-12 19:33:00.318 DEBUG 20540 --- [http-nio-8080-exec-1] m.m.a.RequestResponseBodyMethodProcessor : Writing [java.lang.StackOverflowError]
2020-04-12 19:33:00.336 DEBUG 20540 --- [http-nio-8080-exec-1] o.s.web.servlet.DispatcherServlet        : Completed 200 OK
2020-04-12 20:08:19.763  INFO 20540 --- [SpringContextShutdownHook] o.s.s.concurrent.ThreadPoolTaskExecutor  : Shutting down ExecutorService 'applicationTaskExecutor'
2020-04-12 20:08:19.765  INFO 20540 --- [SpringContextShutdownHook] j.LocalContainerEntityManagerFactoryBean : Closing JPA EntityManagerFactory for persistence unit 'default'
2020-04-12 20:08:19.769  INFO 20540 --- [SpringContextShutdownHook] com.zaxxer.hikari.HikariDataSource       : HikariPool-1 - Shutdown initiated...
2020-04-12 20:08:19.781  INFO 20540 --- [SpringContextShutdownHook] com.zaxxer.hikari.HikariDataSource       : HikariPool-1 - Shutdown completed.
2020-04-12 20:08:25.414  INFO 4348 --- [main] c.q.w.WorldwideHotelSystemApplication    : Starting WorldwideHotelSystemApplication on DESKTOP-OVQ92PU with PID 4348 (C:\Users\Admin\IdeaProjects\MbHotelSystemWithMicroservices\worldwide-hotel-system\target\classes started by Admin in C:\Users\Admin\IdeaProjects\MbHotelSystemWithMicroservices\worldwide-hotel-system)
2020-04-12 20:08:25.418  INFO 4348 --- [main] c.q.w.WorldwideHotelSystemApplication    : No active profile set, falling back to default profiles: default
2020-04-12 20:08:26.138  INFO 4348 --- [main] .s.d.r.c.RepositoryConfigurationDelegate : Bootstrapping Spring Data JPA repositories in DEFAULT mode.
2020-04-12 20:08:26.221  INFO 4348 --- [main] .s.d.r.c.RepositoryConfigurationDelegate : Finished Spring Data repository scanning in 74ms. Found 4 JPA repository interfaces.
2020-04-12 20:08:26.521  INFO 4348 --- [main] trationDelegate$BeanPostProcessorChecker : Bean 'org.springframework.security.config.annotation.configuration.ObjectPostProcessorConfiguration' of type [org.springframework.security.config.annotation.configuration.ObjectPostProcessorConfiguration] is not eligible for getting processed by all BeanPostProcessors (for example: not eligible for auto-proxying)
2020-04-12 20:08:26.525  INFO 4348 --- [main] trationDelegate$BeanPostProcessorChecker : Bean 'objectPostProcessor' of type [org.springframework.security.config.annotation.configuration.AutowireBeanFactoryObjectPostProcessor] is not eligible for getting processed by all BeanPostProcessors (for example: not eligible for auto-proxying)
2020-04-12 20:08:26.528  INFO 4348 --- [main] trationDelegate$BeanPostProcessorChecker : Bean 'org.springframework.security.access.expression.method.DefaultMethodSecurityExpressionHandler@3ab6678b' of type [org.springframework.security.access.expression.method.DefaultMethodSecurityExpressionHandler] is not eligible for getting processed by all BeanPostProcessors (for example: not eligible for auto-proxying)
2020-04-12 20:08:26.529  INFO 4348 --- [main] trationDelegate$BeanPostProcessorChecker : Bean 'org.springframework.security.config.annotation.method.configuration.GlobalMethodSecurityConfiguration' of type [org.springframework.security.config.annotation.method.configuration.GlobalMethodSecurityConfiguration] is not eligible for getting processed by all BeanPostProcessors (for example: not eligible for auto-proxying)
2020-04-12 20:08:26.534  INFO 4348 --- [main] trationDelegate$BeanPostProcessorChecker : Bean 'methodSecurityMetadataSource' of type [org.springframework.security.access.method.DelegatingMethodSecurityMetadataSource] is not eligible for getting processed by all BeanPostProcessors (for example: not eligible for auto-proxying)
2020-04-12 20:08:26.811  INFO 4348 --- [main] o.s.b.w.embedded.tomcat.TomcatWebServer  : Tomcat initialized with port(s): 8080 (http)
2020-04-12 20:08:26.823  INFO 4348 --- [main] o.apache.catalina.core.StandardService   : Starting service [Tomcat]
2020-04-12 20:08:26.824  INFO 4348 --- [main] org.apache.catalina.core.StandardEngine  : Starting Servlet engine: [Apache Tomcat/9.0.31]
2020-04-12 20:08:26.920  INFO 4348 --- [main] o.a.c.c.C.[Tomcat].[localhost].[/]       : Initializing Spring embedded WebApplicationContext
2020-04-12 20:08:26.920 DEBUG 4348 --- [main] o.s.web.context.ContextLoader            : Published root WebApplicationContext as ServletContext attribute with name [org.springframework.web.context.WebApplicationContext.ROOT]
2020-04-12 20:08:26.920  INFO 4348 --- [main] o.s.web.context.ContextLoader            : Root WebApplicationContext: initialization completed in 1451 ms
2020-04-12 20:08:27.436  INFO 4348 --- [main] com.zaxxer.hikari.HikariDataSource       : HikariPool-1 - Starting...
2020-04-12 20:08:27.574  INFO 4348 --- [main] com.zaxxer.hikari.HikariDataSource       : HikariPool-1 - Start completed.
2020-04-12 20:08:28.975  INFO 4348 --- [main] j.LocalContainerEntityManagerFactoryBean : Initialized JPA EntityManagerFactory for persistence unit 'default'
2020-04-12 20:08:29.359  WARN 4348 --- [main] JpaBaseConfiguration$JpaWebConfiguration : spring.jpa.open-in-view is enabled by default. Therefore, database queries may be performed during view rendering. Explicitly configure spring.jpa.open-in-view to disable this warning
2020-04-12 20:08:29.696 DEBUG 4348 --- [main] s.w.s.m.m.a.RequestMappingHandlerMapping : 18 mappings in 'requestMappingHandlerMapping'
2020-04-12 20:08:29.794 DEBUG 4348 --- [main] o.s.w.s.handler.SimpleUrlHandlerMapping  : Patterns [/webjars/**, /**] in 'resourceHandlerMapping'
2020-04-12 20:08:29.798  INFO 4348 --- [main] o.s.s.web.DefaultSecurityFilterChain     : Creating filter chain: any request, [org.springframework.security.web.context.request.async.WebAsyncManagerIntegrationFilter@576b385d, org.springframework.security.web.context.SecurityContextPersistenceFilter@23dff243, org.springframework.security.web.header.HeaderWriterFilter@5e278e25, org.springframework.web.filter.CorsFilter@2560a7be, org.springframework.security.web.authentication.logout.LogoutFilter@7c8b37a8, com.qozz.worldwidehotelsystem.config.security.JwtFilter@fabfc79, org.springframework.security.web.savedrequest.RequestCacheAwareFilter@17dbca0a, org.springframework.security.web.servletapi.SecurityContextHolderAwareRequestFilter@7b8fcdf2, org.springframework.security.web.authentication.AnonymousAuthenticationFilter@59aa2fba, org.springframework.security.web.session.SessionManagementFilter@3e5c7588, org.springframework.security.web.access.ExceptionTranslationFilter@3d2eb7fa, org.springframework.security.web.access.intercept.FilterSecurityInterceptor@4b76251c]
2020-04-12 20:08:29.850  INFO 4348 --- [main] o.s.s.concurrent.ThreadPoolTaskExecutor  : Initializing ExecutorService 'applicationTaskExecutor'
2020-04-12 20:08:29.860 DEBUG 4348 --- [main] s.w.s.m.m.a.RequestMappingHandlerAdapter : ControllerAdvice beans: 0 @ModelAttribute, 0 @InitBinder, 1 RequestBodyAdvice, 1 ResponseBodyAdvice
2020-04-12 20:08:29.890 DEBUG 4348 --- [main] .m.m.a.ExceptionHandlerExceptionResolver : ControllerAdvice beans: 0 @ExceptionHandler, 1 ResponseBodyAdvice
2020-04-12 20:08:30.023  INFO 4348 --- [main] o.s.b.w.embedded.tomcat.TomcatWebServer  : Tomcat started on port(s): 8080 (http) with context path ''
2020-04-12 20:08:30.025  INFO 4348 --- [main] c.q.w.WorldwideHotelSystemApplication    : Started WorldwideHotelSystemApplication in 5.121 seconds (JVM running for 6.077)
2020-04-12 20:08:49.009  INFO 4348 --- [http-nio-8080-exec-4] o.a.c.c.C.[Tomcat].[localhost].[/]       : Initializing Spring DispatcherServlet 'dispatcherServlet'
2020-04-12 20:08:49.009  INFO 4348 --- [http-nio-8080-exec-4] o.s.web.servlet.DispatcherServlet        : Initializing Servlet 'dispatcherServlet'
2020-04-12 20:08:49.009 DEBUG 4348 --- [http-nio-8080-exec-4] o.s.web.servlet.DispatcherServlet        : Detected StandardServletMultipartResolver
2020-04-12 20:08:49.020 DEBUG 4348 --- [http-nio-8080-exec-4] o.s.web.servlet.DispatcherServlet        : enableLoggingRequestDetails='false': request parameters and headers will be masked to prevent unsafe logging of potentially sensitive data
2020-04-12 20:08:49.020  INFO 4348 --- [http-nio-8080-exec-4] o.s.web.servlet.DispatcherServlet        : Completed initialization in 11 ms
2020-04-12 20:08:49.057 DEBUG 4348 --- [http-nio-8080-exec-4] s.w.s.m.m.a.RequestMappingHandlerMapping : Mapped to com.qozz.worldwidehotelsystem.controller.HotelController#getHotelById(Long)
2020-04-12 20:08:49.060 DEBUG 4348 --- [http-nio-8080-exec-4] o.s.w.s.handler.SimpleUrlHandlerMapping  : Mapped to ResourceHttpRequestHandler ["classpath:/META-INF/resources/", "classpath:/resources/", "classpath:/static/", "classpath:/public/", "/"]
2020-04-12 20:08:49.069 DEBUG 4348 --- [http-nio-8080-exec-4] o.s.web.servlet.DispatcherServlet        : GET "/hotels/1", parameters={}
2020-04-12 20:08:49.072 DEBUG 4348 --- [http-nio-8080-exec-4] s.w.s.m.m.a.RequestMappingHandlerMapping : Mapped to com.qozz.worldwidehotelsystem.controller.HotelController#getHotelById(Long)
2020-04-12 20:08:49.234 DEBUG 4348 --- [http-nio-8080-exec-4] m.m.a.RequestResponseBodyMethodProcessor : Using 'application/json', given [*/*] and supported [application/json, application/*+json, application/json, application/*+json]
2020-04-12 20:08:49.234 DEBUG 4348 --- [http-nio-8080-exec-4] m.m.a.RequestResponseBodyMethodProcessor : Writing [com.qozz.worldwidehotelsystem.data.entity.Hotel@139825ef]
2020-04-12 20:08:49.251 DEBUG 4348 --- [http-nio-8080-exec-4] o.s.web.servlet.DispatcherServlet        : Completed 200 OK
2020-04-12 20:09:05.786 DEBUG 4348 --- [http-nio-8080-exec-6] s.w.s.m.m.a.RequestMappingHandlerMapping : Mapped to com.qozz.worldwidehotelsystem.controller.HotelController#getHotelById(Long)
2020-04-12 20:09:05.786 DEBUG 4348 --- [http-nio-8080-exec-6] o.s.w.s.handler.SimpleUrlHandlerMapping  : Mapped to ResourceHttpRequestHandler ["classpath:/META-INF/resources/", "classpath:/resources/", "classpath:/static/", "classpath:/public/", "/"]
2020-04-12 20:09:05.787 DEBUG 4348 --- [http-nio-8080-exec-6] o.s.web.servlet.DispatcherServlet        : GET "/hotels/1", parameters={}
2020-04-12 20:09:05.788 DEBUG 4348 --- [http-nio-8080-exec-6] s.w.s.m.m.a.RequestMappingHandlerMapping : Mapped to com.qozz.worldwidehotelsystem.controller.HotelController#getHotelById(Long)
2020-04-12 20:09:05.790 DEBUG 4348 --- [http-nio-8080-exec-6] m.m.a.RequestResponseBodyMethodProcessor : Using 'application/json', given [*/*] and supported [application/json, application/*+json, application/json, application/*+json]
2020-04-12 20:09:05.791 DEBUG 4348 --- [http-nio-8080-exec-6] m.m.a.RequestResponseBodyMethodProcessor : Writing [com.qozz.worldwidehotelsystem.data.entity.Hotel@7750b866]
2020-04-12 20:09:05.792 DEBUG 4348 --- [http-nio-8080-exec-6] o.s.web.servlet.DispatcherServlet        : Completed 200 OK
